cscope 15 $HOME/Desktop/gitee-learning/learning/selenium -q 0000000058 0000002784
	@mouse.py

4 
def
 
	$move_to
():

5 
·ss


7 
def
 
	$Ëá_şick
():

8 
·ss


10 
def
 
	$right_şick
():

11 
·ss


13 
def
 
	$Ëá_şick_–em’t
():

14 
·ss


16 
def
 
	$right_şick_–em’t
():

17 
·ss


19 
def
 
	$fÜw¬d
():

20 
·ss


22 
def
 
	$back
():

23 
·ss


	@play_event.py

1 
äom
 
£Ënium
 
impÜt
 
webdriv”


4 
glob®
 
chm


5 
glob®
 
ev’t_¶ay_u¾


6 
glob®
 
home_·ge_u¾


7 
glob®
 
chrome_»mÙe_ho¡


8 
	gchrome_»mÙe_ho¡
 = "127.0.0.1:9222"

9 
ev’t_¶ay_u¾
 = "https://game.granbluefantasy.jp/#quest/supporter/909341/1"

10 
home_·ge_u¾
 = "https://game.granbluefantasy.jp/#mypage"

12 
def
 
	$check_¡©
():

13 
·ss


16 
def
 
	$is_–em’t_exi¡
(
by
, 
–em’t
):

18 #å­˜åœ¨è¿”å›
t
 ä¸å­˜åœ¨ 
NÚe


19 #by æŸ¥æ‰¾æ–¹æ³•ï¼Œ
fšd_–em’t
çš„ç¬¬ä¸€ä¸ªå‚æ•°ï¼Œ
–em’t
æ˜¯å…ƒç´ åç§°

20 
chm
.
	$fšd_–em’t
(
by
, 
–em’t
)

22 
def
 
	$home_·ge
():

23 
chm
.
	$im¶ic™ly_wa™
(10)

24 
chm
.
	$g‘
(
home_·ge_u¾
)

25 
»suÉ
 = 
chm
.
	`fšd_–em’t_by_id
("btn-campaign-toggle")

26 #é€šè¿‡æŸ¥æ‰¾
gam•ÏyexŒas
 åˆ¤æ–­æ˜¯å¦å·²ç»è·³è½¬åˆ°ä¸»é¡µ

27 
»suÉi


29 
def
 
	$cÚÃù_chrome
():

30 #è¿æ¥åˆ°æ‰“å¼€è¿œç¨‹è°ƒè¯•æ¨¡å¼çš„
chrome
æµè§ˆå™¨

31 
chrome_İtiÚs
 = 
webdriv”
.
	$ChromeO±iÚs
()

32 
chrome_İtiÚs
.
debugg”_add»ss
 = 
chrome_»mÙe_ho¡


33 
glob®
 
chm


34 
chm
 = 
webdriv”
.
	$Chrome
(
İtiÚs
=
chrome_İtiÚs
)

38 
def
 
	$¶ay
():

39 
times
 = (
	`šput
("please inputotalimes : "))

40 
	$cÚÃù_chrome
()

41 
times
 > 0 :

42 
times
 =imes - 1

43 
	`check_¡©
()

	@play_event_times.py

1 
äom
 
£Ënium
 
impÜt
 
webdriv”


4 
äom
 
	g£Ënium
.
	gwebdriv”
.
	gchrome
.
İtiÚs
 
impÜt
 
O±iÚs


8 
	gchrome_İtiÚs
 = 
	$O±iÚs
()

9 
chrome_İtiÚs
.
debugg”_add»ss
 = "127.0.0.1:9222"

10 
driv”
 = 
webdriv”
.
	$Chrome
(
İtiÚs
=
chrome_İtiÚs
)

12 
times
 = 1

13 
times
 > 0:

14 
times
 =imes - 1

16 
driv”
.
	`g‘
("https://game.granbluefantasy.jp/#quest/supporter/909341/1")

17 
–e
 = 
driv”
.
	`fšd_–em’t_by_şass_Çme
("prt-button-cover")

18 
–e
.
	$şick
()

19 
–e
 = 
driv”
.
	`fšd_–em’t_by_şass_Çme
("btn-usual-ok se-quest-start")

20 
–e
.
	$şick
()

21 
–e
 = 
driv”
.
	`fšd_–em’t_by_şass_Çme
("btn-auto")

22 
–e
.
	$şick
()

23 #–ğ
driv”
.
	`fšd_–em’t_by_şass_Çme
("prt-popup-header")

	@tt.py

1 
äom
 
£Ënium
 
impÜt
 
webdriv”


3 
	gPROXY
 = "172.30.208.1:4780"

5 
webdriv”
.
	$Chrome
()

6 
webdriv”
.
DesœedC­ab™›s
.
CHROME
['proxy'] = {

7 "h‰pProxy": 
PROXY
,

8 "ápProxy": 
PROXY
,

9 "s¦Proxy": 
PROXY
,

12 
	}
}

13 
cook›s
 = [

38 
w™h
 
webdriv”
.
	$Chrome
(è
as
 
driv”
:

39 #O³À
URL


40 
driv”
.
	`g‘
("https://game.granbluefantasy.jp/#raid_multi/33428956337")

42 
c
 
š
 
cook›s
:

43 
driv”
.
	$add_cook›
(
c
)

45 
driv”
.
	`»äesh
()

	@
1
.
0
4
49
mouse.py
play_event.py
play_event_times.py
tt.py
