[205:237:0125/142841.077034:ERROR:bus.cc(398)] Failed to connect to the bus: Failed to connect to socket /var/run/dbus/system_bus_socket: No such file or directory
[205:237:0125/142841.077425:ERROR:bus.cc(398)] Failed to connect to the bus: Failed to connect to socket /var/run/dbus/system_bus_socket: No such file or directory
[205:236:0125/142841.100562:ERROR:bus.cc(398)] Failed to connect to the bus: Could not parse server address: Unknown address type (examples of valid types are "tcp" and on UNIX "unix")
[205:236:0125/142841.100610:ERROR:bus.cc(398)] Failed to connect to the bus: Could not parse server address: Unknown address type (examples of valid types are "tcp" and on UNIX "unix")
[205:236:0125/142841.134145:ERROR:bus.cc(398)] Failed to connect to the bus: Could not parse server address: Unknown address type (examples of valid types are "tcp" and on UNIX "unix")
[205:236:0125/142841.134174:ERROR:bus.cc(398)] Failed to connect to the bus: Could not parse server address: Unknown address type (examples of valid types are "tcp" and on UNIX "unix")
[205:241:0125/142841.146434:ERROR:login_database.cc(778)] Password store database is too new, kCurrentVersionNumber=33, GetCompatibleVersionNumber=40
[205:239:0125/142841.146549:ERROR:login_database.cc(778)] Password store database is too new, kCurrentVersionNumber=33, GetCompatibleVersionNumber=40
[205:241:0125/142841.147100:ERROR:login_database_async_helper.cc(53)] Could not create/open login database.
[205:239:0125/142841.147131:ERROR:login_database_async_helper.cc(53)] Could not create/open login database.

DevTools listening on ws://127.0.0.1:9222/devtools/browser/91681cb0-25eb-4383-b6a1-b9dbd265f042
[205:236:0125/142841.208418:ERROR:bus.cc(398)] Failed to connect to the bus: Could not parse server address: Unknown address type (examples of valid types are "tcp" and on UNIX "unix")
[205:236:0125/142841.208446:ERROR:bus.cc(398)] Failed to connect to the bus: Could not parse server address: Unknown address type (examples of valid types are "tcp" and on UNIX "unix")
libva error: vaGetDriverNameByIndex() failed with unknown libva error, driver_name = (null)
[205:342:0125/142841.305505:ERROR:bus.cc(398)] Failed to connect to the bus: Failed to connect to socket /var/run/dbus/system_bus_socket: No such file or directory
[205:342:0125/142841.305570:ERROR:bus.cc(398)] Failed to connect to the bus: Failed to connect to socket /var/run/dbus/system_bus_socket: No such file or directory
[205:342:0125/142841.305610:ERROR:bus.cc(398)] Failed to connect to the bus: Failed to connect to socket /var/run/dbus/system_bus_socket: No such file or directory
[205:342:0125/142841.305673:ERROR:bus.cc(398)] Failed to connect to the bus: Failed to connect to socket /var/run/dbus/system_bus_socket: No such file or directory
[205:342:0125/142841.305726:ERROR:bus.cc(398)] Failed to connect to the bus: Failed to connect to socket /var/run/dbus/system_bus_socket: No such file or directory
[245:245:0125/142841.350443:ERROR:gpu_memory_buffer_support_x11.cc(44)] dri3 extension not supported.
[205:205:0125/142841.521476:ERROR:password_sync_bridge.cc(234)] Passwords datatype error was encountered: Password metadata store isn't available.
[205:233:0125/143053.082063:ERROR:connection_factory_impl.cc(425)] Failed to connect to MCS endpoint with error -118
[247:252:0125/143105.661634:ERROR:ssl_client_socket_impl.cc(996)] handshake failed; returned -1, SSL error code 1, net_error -101
[247:252:0125/143105.678748:ERROR:ssl_client_socket_impl.cc(996)] handshake failed; returned -1, SSL error code 1, net_error -101
[247:252:0125/143105.694022:ERROR:ssl_client_socket_impl.cc(996)] handshake failed; returned -1, SSL error code 1, net_error -101
[247:252:0125/143105.710386:ERROR:ssl_client_socket_impl.cc(996)] handshake failed; returned -1, SSL error code 1, net_error -101
[247:252:0125/143126.886079:ERROR:ssl_client_socket_impl.cc(996)] handshake failed; returned -1, SSL error code 1, net_error -101
[205:233:0125/143243.306823:ERROR:registration_request.cc(247)] Registration URL fetching failed.
[205:233:0125/143243.558049:ERROR:registration_request.cc(247)] Registration URL fetching failed.
[205:233:0125/143243.608009:ERROR:registration_request.cc(247)] Registration URL fetching failed.
[205:233:0125/143243.608118:ERROR:registration_request.cc(247)] Registration URL fetching failed.
[247:252:0125/143250.864640:ERROR:ssl_client_socket_impl.cc(996)] handshake failed; returned -1, SSL error code 1, net_error -101
[205:233:0125/143331.811665:ERROR:connection_factory_impl.cc(425)] Failed to connect to MCS endpoint with error -118
[247:252:0125/143645.577083:ERROR:ssl_client_socket_impl.cc(996)] handshake failed; returned -1, SSL error code 1, net_error -101
[205:233:0125/143703.790352:ERROR:registration_request.cc(247)] Registration URL fetching failed.
[205:233:0125/143704.040836:ERROR:registration_request.cc(247)] Registration URL fetching failed.
[205:233:0125/143711.357224:ERROR:registration_request.cc(247)] Registration URL fetching failed.
[205:233:0125/143711.964595:ERROR:registration_request.cc(247)] Registration URL fetching failed.
[247:252:0125/144032.242144:ERROR:ssl_client_socket_impl.cc(996)] handshake failed; returned -1, SSL error code 1, net_error -101
[247:252:0125/144127.712365:ERROR:ssl_client_socket_impl.cc(996)] handshake failed; returned -1, SSL error code 1, net_error -101
[247:252:0125/144130.877097:ERROR:ssl_client_socket_impl.cc(996)] handshake failed; returned -1, SSL error code 1, net_error -101
[247:252:0125/144131.108970:ERROR:ssl_client_socket_impl.cc(996)] handshake failed; returned -1, SSL error code 1, net_error -101
[205:233:0125/144150.002147:ERROR:registration_request.cc(247)] Registration URL fetching failed.
[205:233:0125/144150.252439:ERROR:registration_request.cc(247)] Registration URL fetching failed.
[205:233:0125/144158.120926:ERROR:registration_request.cc(247)] Registration URL fetching failed.
[205:233:0125/144206.218306:ERROR:registration_request.cc(247)] Registration URL fetching failed.
[247:252:0125/144441.139568:ERROR:ssl_client_socket_impl.cc(996)] handshake failed; returned -1, SSL error code 1, net_error -101
[247:252:0125/144455.032288:ERROR:ssl_client_socket_impl.cc(996)] handshake failed; returned -1, SSL error code 1, net_error -101
[247:252:0125/144459.788614:ERROR:ssl_client_socket_impl.cc(996)] handshake failed; returned -1, SSL error code 1, net_error -101
[247:252:0125/144459.804641:ERROR:ssl_client_socket_impl.cc(996)] handshake failed; returned -1, SSL error code 1, net_error -101
[247:252:0125/144504.852406:ERROR:ssl_client_socket_impl.cc(996)] handshake failed; returned -1, SSL error code 1, net_error -101
[205:233:0125/144723.728656:ERROR:registration_request.cc(247)] Registration URL fetching failed.
[205:233:0125/144723.979325:ERROR:registration_request.cc(247)] Registration URL fetching failed.
[205:233:0125/144732.403462:ERROR:registration_request.cc(247)] Registration URL fetching failed.
[205:233:0125/144732.928591:ERROR:registration_request.cc(247)] Registration URL fetching failed.
[205:205:0125/144859.444721:ERROR:account_info_fetcher.cc(62)] OnGetTokenFailure: Connection failed (-7).
[247:252:0125/145023.467807:ERROR:ssl_client_socket_impl.cc(996)] handshake failed; returned -1, SSL error code 1, net_error -101
[247:252:0125/145023.503761:ERROR:ssl_client_socket_impl.cc(996)] handshake failed; returned -1, SSL error code 1, net_error -101
[247:252:0125/145033.493236:ERROR:ssl_client_socket_impl.cc(996)] handshake failed; returned -1, SSL error code 1, net_error -101
[247:252:0125/145033.720632:ERROR:ssl_client_socket_impl.cc(996)] handshake failed; returned -1, SSL error code 1, net_error -101
[247:252:0125/145038.207882:ERROR:ssl_client_socket_impl.cc(996)] handshake failed; returned -1, SSL error code 1, net_error -101
[247:252:0125/145041.096502:ERROR:ssl_client_socket_impl.cc(996)] handshake failed; returned -1, SSL error code 1, net_error -101
[247:252:0125/145324.882277:ERROR:ssl_client_socket_impl.cc(996)] handshake failed; returned -1, SSL error code 1, net_error -101
[205:233:0125/145425.490851:ERROR:registration_request.cc(247)] Registration URL fetching failed.
[205:233:0125/145425.742570:ERROR:registration_request.cc(247)] Registration URL fetching failed.
[205:233:0125/145428.280474:ERROR:registration_request.cc(247)] Registration URL fetching failed.
[205:233:0125/145445.289072:ERROR:registration_request.cc(247)] Registration URL fetching failed.
[247:252:0125/145622.679114:ERROR:ssl_client_socket_impl.cc(996)] handshake failed; returned -1, SSL error code 1, net_error -101
[247:252:0125/150014.376138:ERROR:ssl_client_socket_impl.cc(996)] handshake failed; returned -1, SSL error code 1, net_error -101
[247:252:0125/150141.738382:ERROR:ssl_client_socket_impl.cc(996)] handshake failed; returned -1, SSL error code 1, net_error -101
[205:233:0125/150436.944843:ERROR:registration_request.cc(247)] Registration URL fetching failed.
[205:205:0125/150436.944944:ERROR:sharing_service.cc(210)] Device registration failed with transient error
[205:233:0125/150443.007951:ERROR:registration_request.cc(247)] Registration URL fetching failed.
[205:233:0125/150535.149596:ERROR:registration_request.cc(247)] Registration URL fetching failed.
[205:233:0125/150537.356239:ERROR:registration_request.cc(247)] Registration URL fetching failed.
[205:233:0125/151334.029791:ERROR:registration_request.cc(247)] Registration URL fetching failed.
[205:233:0125/151754.918220:ERROR:registration_request.cc(247)] Registration URL fetching failed.
[205:233:0125/152243.215172:ERROR:registration_request.cc(247)] Registration URL fetching failed.
[205:233:0125/152807.133998:ERROR:registration_request.cc(247)] Registration URL fetching failed.
[205:3643:0125/152841.840943:ERROR:bus.cc(398)] Failed to connect to the bus: Could not parse server address: Unknown address type (examples of valid types are "tcp" and on UNIX "unix")
[205:205:0125/152841.841034:ERROR:object_proxy.cc(623)] Failed to call method: org.freedesktop.DBus.NameHasOwner: object_path= /org/freedesktop/DBus: unknown error type: 
[205:3643:0125/152841.841098:ERROR:bus.cc(398)] Failed to connect to the bus: Could not parse server address: Unknown address type (examples of valid types are "tcp" and on UNIX "unix")
[205:205:0125/152841.841231:ERROR:object_proxy.cc(623)] Failed to call method: org.freedesktop.DBus.NameHasOwner: object_path= /org/freedesktop/DBus: unknown error type: 
[205:3643:0125/152841.841325:ERROR:bus.cc(398)] Failed to connect to the bus: Could not parse server address: Unknown address type (examples of valid types are "tcp" and on UNIX "unix")
[205:205:0125/152841.841464:ERROR:object_proxy.cc(623)] Failed to call method: org.freedesktop.DBus.NameHasOwner: object_path= /org/freedesktop/DBus: unknown error type: 
[205:3643:0125/152841.841605:ERROR:bus.cc(398)] Failed to connect to the bus: Could not parse server address: Unknown address type (examples of valid types are "tcp" and on UNIX "unix")
[205:205:0125/152841.841697:ERROR:object_proxy.cc(623)] Failed to call method: org.freedesktop.DBus.NameHasOwner: object_path= /org/freedesktop/DBus: unknown error type: 
[205:3643:0125/152841.841786:ERROR:bus.cc(398)] Failed to connect to the bus: Could not parse server address: Unknown address type (examples of valid types are "tcp" and on UNIX "unix")
[205:205:0125/152841.841897:ERROR:object_proxy.cc(623)] Failed to call method: org.freedesktop.DBus.NameHasOwner: object_path= /org/freedesktop/DBus: unknown error type: 
[247:252:0125/152940.217061:ERROR:ssl_client_socket_impl.cc(996)] handshake failed; returned -1, SSL error code 1, net_error -101
[247:252:0125/152940.231692:ERROR:ssl_client_socket_impl.cc(996)] handshake failed; returned -1, SSL error code 1, net_error -101
[247:252:0125/152941.760122:ERROR:ssl_client_socket_impl.cc(996)] handshake failed; returned -1, SSL error code 1, net_error -101
[247:252:0125/153108.859787:ERROR:ssl_client_socket_impl.cc(996)] handshake failed; returned -1, SSL error code 1, net_error -101
[205:233:0125/153155.472792:ERROR:registration_request.cc(247)] Registration URL fetching failed.
[247:252:0125/153703.738386:ERROR:ssl_client_socket_impl.cc(996)] handshake failed; returned -1, SSL error code 1, net_error -101
[247:252:0125/153740.472237:ERROR:ssl_client_socket_impl.cc(996)] handshake failed; returned -1, SSL error code 1, net_error -101
[247:252:0125/154142.618397:ERROR:ssl_client_socket_impl.cc(996)] handshake failed; returned -1, SSL error code 1, net_error -101
[205:233:0125/154207.637730:ERROR:registration_request.cc(247)] Registration URL fetching failed.
[205:205:0125/154207.637862:ERROR:sharing_service.cc(210)] Device registration failed with transient error
[247:252:0125/154225.810769:ERROR:ssl_client_socket_impl.cc(996)] handshake failed; returned -1, SSL error code 1, net_error -101
[247:252:0125/155431.915725:ERROR:ssl_client_socket_impl.cc(996)] handshake failed; returned -1, SSL error code 1, net_error -101
[247:252:0125/155431.995959:ERROR:ssl_client_socket_impl.cc(996)] handshake failed; returned -1, SSL error code 1, net_error -101
[205:233:0125/155543.525468:ERROR:registration_request.cc(247)] Registration URL fetching failed.
[247:252:0125/155703.765994:ERROR:ssl_client_socket_impl.cc(996)] handshake failed; returned -1, SSL error code 1, net_error -101
[205:233:0125/160012.146321:ERROR:registration_request.cc(247)] Registration URL fetching failed.
[247:252:0125/160024.003070:ERROR:ssl_client_socket_impl.cc(996)] handshake failed; returned -1, SSL error code 1, net_error -101
[247:252:0125/160039.338741:ERROR:ssl_client_socket_impl.cc(996)] handshake failed; returned -1, SSL error code 1, net_error -101
[247:252:0125/160113.223859:ERROR:ssl_client_socket_impl.cc(996)] handshake failed; returned -1, SSL error code 1, net_error -101
[247:252:0125/160252.470069:ERROR:ssl_client_socket_impl.cc(996)] handshake failed; returned -1, SSL error code 1, net_error -101
[247:252:0125/160434.979573:ERROR:ssl_client_socket_impl.cc(996)] handshake failed; returned -1, SSL error code 1, net_error -101
[247:252:0125/160440.029891:ERROR:ssl_client_socket_impl.cc(996)] handshake failed; returned -1, SSL error code 1, net_error -101
[247:252:0125/160445.220383:ERROR:ssl_client_socket_impl.cc(996)] handshake failed; returned -1, SSL error code 1, net_error -101
[205:233:0125/160504.055900:ERROR:registration_request.cc(247)] Registration URL fetching failed.
[247:252:0125/160824.029956:ERROR:ssl_client_socket_impl.cc(996)] handshake failed; returned -1, SSL error code 1, net_error -101
[205:233:0125/160944.029136:ERROR:registration_request.cc(247)] Registration URL fetching failed.
[247:252:0125/161036.449619:ERROR:ssl_client_socket_impl.cc(996)] handshake failed; returned -1, SSL error code 1, net_error -101
[247:252:0125/161059.894107:ERROR:ssl_client_socket_impl.cc(996)] handshake failed; returned -1, SSL error code 1, net_error -101
[247:252:0125/161449.256975:ERROR:ssl_client_socket_impl.cc(996)] handshake failed; returned -1, SSL error code 1, net_error -101
[247:252:0125/161452.486691:ERROR:ssl_client_socket_impl.cc(996)] handshake failed; returned -1, SSL error code 1, net_error -101
[247:252:0125/161459.909009:ERROR:ssl_client_socket_impl.cc(996)] handshake failed; returned -1, SSL error code 1, net_error -101
[247:252:0125/161555.940110:ERROR:ssl_client_socket_impl.cc(996)] handshake failed; returned -1, SSL error code 1, net_error -101
[247:252:0125/161647.082019:ERROR:ssl_client_socket_impl.cc(996)] handshake failed; returned -1, SSL error code 1, net_error -101
[205:233:0125/161655.744018:ERROR:registration_request.cc(247)] Registration URL fetching failed.
[247:252:0125/161810.101348:ERROR:ssl_client_socket_impl.cc(996)] handshake failed; returned -1, SSL error code 1, net_error -101
[247:252:0125/161850.935266:ERROR:ssl_client_socket_impl.cc(996)] handshake failed; returned -1, SSL error code 1, net_error -101
[247:252:0125/161851.081819:ERROR:ssl_client_socket_impl.cc(996)] handshake failed; returned -1, SSL error code 1, net_error -101
[247:252:0125/161853.649858:ERROR:ssl_client_socket_impl.cc(996)] handshake failed; returned -1, SSL error code 1, net_error -101
[247:252:0125/162300.939777:ERROR:ssl_client_socket_impl.cc(996)] handshake failed; returned -1, SSL error code 1, net_error -101
[247:252:0125/162317.067737:ERROR:ssl_client_socket_impl.cc(996)] handshake failed; returned -1, SSL error code 1, net_error -101
[205:233:0125/162344.031682:ERROR:registration_request.cc(247)] Registration URL fetching failed.
[205:205:0125/162344.031801:ERROR:sharing_service.cc(210)] Device registration failed with transient error
D3D12: Removing Device.
[245:245:0125/162556.354083:ERROR:angle_platform_impl.cc(43)] renderergl_utils.cpp:2532 (CheckError): GL call functions->texStorage2D(ToGLenum(type), static_cast<GLsizei>(levels), texStorageFormat.internalFormat, size.width, size.height) generated error 0x00000505 in ../../third_party/angle/src/libANGLE/renderer/gl/TextureGL.cpp, setStorage:1052. 
[245:245:0125/162556.356401:ERROR:gl_utils.cc(315)] [.WebGL-0x3b2c02f0a900] GL_INVALID_FRAMEBUFFER_OPERATION: Framebuffer is incomplete: Driver does not support this framebuffer configuration.
[245:245:0125/162556.356989:ERROR:shared_context_state.cc(832)] SharedContextState lost due to GL_OUT_OF_MEMORY
[245:245:0125/162556.357330:ERROR:gpu_service_impl.cc(986)] Exiting GPU process because some drivers can't recover from errors. GPU process will restart shortly.
[205:205:0125/162556.411971:ERROR:command_buffer_proxy_impl.cc(331)] GPU state invalid after WaitForGetOffsetInRange.
[205:205:0125/162556.444462:ERROR:gpu_process_host.cc(975)] GPU process exited unexpectedly: exit_code=8704
libva error: vaGetDriverNameByIndex() failed with unknown libva error, driver_name = (null)
[8457:8457:0125/162601.503881:ERROR:gpu_memory_buffer_support_x11.cc(44)] dri3 extension not supported.
[247:252:0125/162612.737506:ERROR:ssl_client_socket_impl.cc(996)] handshake failed; returned -1, SSL error code 1, net_error -101
[8428:7:0125/162621.491641:ERROR:command_buffer_proxy_impl.cc(128)] ContextResult::kTransientFailure: Failed to send GpuControl.CreateCommandBuffer.
[247:252:0125/162653.735506:ERROR:ssl_client_socket_impl.cc(996)] handshake failed; returned -1, SSL error code 1, net_error -101
[247:252:0125/163714.300067:ERROR:ssl_client_socket_impl.cc(996)] handshake failed; returned -1, SSL error code 1, net_error -101
[247:252:0125/163714.318651:ERROR:ssl_client_socket_impl.cc(996)] handshake failed; returned -1, SSL error code 1, net_error -101
[247:252:0125/163714.337799:ERROR:ssl_client_socket_impl.cc(996)] handshake failed; returned -1, SSL error code 1, net_error -101
[247:252:0125/163714.355877:ERROR:ssl_client_socket_impl.cc(996)] handshake failed; returned -1, SSL error code 1, net_error -101
[247:252:0125/164134.831694:ERROR:ssl_client_socket_impl.cc(996)] handshake failed; returned -1, SSL error code 1, net_error -101
[247:252:0125/164459.142108:ERROR:ssl_client_socket_impl.cc(996)] handshake failed; returned -1, SSL error code 1, net_error -101
[247:252:0125/164459.790392:ERROR:ssl_client_socket_impl.cc(996)] handshake failed; returned -1, SSL error code 1, net_error -101
[205:233:0125/164714.004377:ERROR:registration_request.cc(247)] Registration URL fetching failed.
[247:252:0125/164902.702133:ERROR:ssl_client_socket_impl.cc(996)] handshake failed; returned -1, SSL error code 1, net_error -101
[247:252:0125/164902.717437:ERROR:ssl_client_socket_impl.cc(996)] handshake failed; returned -1, SSL error code 1, net_error -101
[247:252:0125/165023.105480:ERROR:ssl_client_socket_impl.cc(996)] handshake failed; returned -1, SSL error code 1, net_error -101
[205:233:0125/165139.011835:ERROR:registration_request.cc(247)] Registration URL fetching failed.
[205:233:0125/165635.086852:ERROR:registration_request.cc(247)] Registration URL fetching failed.
[205:233:0125/170216.677966:ERROR:registration_request.cc(247)] Registration URL fetching failed.
[205:233:0125/170539.565635:ERROR:registration_request.cc(247)] Registration URL fetching failed.
[247:252:0125/170610.759607:ERROR:ssl_client_socket_impl.cc(996)] handshake failed; returned -1, SSL error code 1, net_error -101
[247:252:0125/170610.793276:ERROR:ssl_client_socket_impl.cc(996)] handshake failed; returned -1, SSL error code 1, net_error -101
[247:252:0125/171058.231061:ERROR:ssl_client_socket_impl.cc(996)] handshake failed; returned -1, SSL error code 1, net_error -101
[205:233:0125/171515.701979:ERROR:registration_request.cc(247)] Registration URL fetching failed.
[205:205:0125/171515.702117:ERROR:sharing_service.cc(210)] Device registration failed with transient error
[247:252:0125/173223.348923:ERROR:ssl_client_socket_impl.cc(996)] handshake failed; returned -1, SSL error code 1, net_error -101
[247:252:0125/173305.337002:ERROR:ssl_client_socket_impl.cc(996)] handshake failed; returned -1, SSL error code 1, net_error -101
[247:252:0125/173418.084593:ERROR:ssl_client_socket_impl.cc(996)] handshake failed; returned -1, SSL error code 1, net_error -101
[247:252:0125/173454.858341:ERROR:ssl_client_socket_impl.cc(996)] handshake failed; returned -1, SSL error code 1, net_error -101
[247:252:0125/173501.097955:ERROR:ssl_client_socket_impl.cc(996)] handshake failed; returned -1, SSL error code 1, net_error -101
[247:252:0125/173630.135077:ERROR:ssl_client_socket_impl.cc(996)] handshake failed; returned -1, SSL error code 1, net_error -101
[247:252:0125/173812.778839:ERROR:ssl_client_socket_impl.cc(996)] handshake failed; returned -1, SSL error code 1, net_error -101
[247:252:0125/174254.878981:ERROR:ssl_client_socket_impl.cc(996)] handshake failed; returned -1, SSL error code 1, net_error -101
[247:252:0125/174911.980970:ERROR:ssl_client_socket_impl.cc(996)] handshake failed; returned -1, SSL error code 1, net_error -101
[247:252:0125/175034.120437:ERROR:ssl_client_socket_impl.cc(996)] handshake failed; returned -1, SSL error code 1, net_error -101
[247:252:0125/175037.907184:ERROR:ssl_client_socket_impl.cc(996)] handshake failed; returned -1, SSL error code 1, net_error -101
[247:252:0125/175630.380853:ERROR:ssl_client_socket_impl.cc(996)] handshake failed; returned -1, SSL error code 1, net_error -101
[205:233:0125/175716.209012:ERROR:registration_request.cc(247)] Registration URL fetching failed.
[205:233:0125/175821.757171:ERROR:registration_request.cc(247)] Registration URL fetching failed.
[247:252:0125/180109.220970:ERROR:ssl_client_socket_impl.cc(996)] handshake failed; returned -1, SSL error code 1, net_error -101
[247:252:0125/180111.997950:ERROR:ssl_client_socket_impl.cc(996)] handshake failed; returned -1, SSL error code 1, net_error -101
[247:252:0125/180112.539175:ERROR:ssl_client_socket_impl.cc(996)] handshake failed; returned -1, SSL error code 1, net_error -101
[205:233:0125/180142.758353:ERROR:registration_request.cc(247)] Registration URL fetching failed.
[247:252:0125/180512.562127:ERROR:ssl_client_socket_impl.cc(996)] handshake failed; returned -1, SSL error code 1, net_error -101
[205:233:0125/180714.603175:ERROR:registration_request.cc(247)] Registration URL fetching failed.
[247:252:0125/180753.431542:ERROR:ssl_client_socket_impl.cc(996)] handshake failed; returned -1, SSL error code 1, net_error -101
[247:252:0125/181046.381382:ERROR:ssl_client_socket_impl.cc(996)] handshake failed; returned -1, SSL error code 1, net_error -101
[205:233:0125/181116.210591:ERROR:registration_request.cc(247)] Registration URL fetching failed.
[247:252:0125/181924.464625:ERROR:ssl_client_socket_impl.cc(996)] handshake failed; returned -1, SSL error code 1, net_error -101
[205:233:0125/182106.797436:ERROR:registration_request.cc(247)] Registration URL fetching failed.
[205:205:0125/182106.797527:ERROR:sharing_service.cc(210)] Device registration failed with transient error
[247:252:0125/182137.588999:ERROR:ssl_client_socket_impl.cc(996)] handshake failed; returned -1, SSL error code 1, net_error -101
[247:252:0125/182137.589137:ERROR:ssl_client_socket_impl.cc(996)] handshake failed; returned -1, SSL error code 1, net_error -101
[247:252:0125/182506.680916:ERROR:ssl_client_socket_impl.cc(996)] handshake failed; returned -1, SSL error code 1, net_error -101
[247:252:0125/182522.263962:ERROR:ssl_client_socket_impl.cc(996)] handshake failed; returned -1, SSL error code 1, net_error -101
[247:252:0125/182537.602362:ERROR:ssl_client_socket_impl.cc(996)] handshake failed; returned -1, SSL error code 1, net_error -101
[247:252:0125/182542.611127:ERROR:ssl_client_socket_impl.cc(996)] handshake failed; returned -1, SSL error code 1, net_error -101
[247:252:0125/183248.292675:ERROR:ssl_client_socket_impl.cc(996)] handshake failed; returned -1, SSL error code 1, net_error -101
[247:252:0125/183329.257477:ERROR:ssl_client_socket_impl.cc(996)] handshake failed; returned -1, SSL error code 1, net_error -101
[247:252:0125/183552.620198:ERROR:ssl_client_socket_impl.cc(996)] handshake failed; returned -1, SSL error code 1, net_error -101
[247:252:0125/183922.535070:ERROR:ssl_client_socket_impl.cc(996)] handshake failed; returned -1, SSL error code 1, net_error -101
[247:252:0125/184136.702116:ERROR:ssl_client_socket_impl.cc(996)] handshake failed; returned -1, SSL error code 1, net_error -101
[247:252:0125/184207.411335:ERROR:ssl_client_socket_impl.cc(996)] handshake failed; returned -1, SSL error code 1, net_error -101
[247:252:0125/184220.915371:ERROR:ssl_client_socket_impl.cc(996)] handshake failed; returned -1, SSL error code 1, net_error -101
[247:252:0125/184537.627124:ERROR:ssl_client_socket_impl.cc(996)] handshake failed; returned -1, SSL error code 1, net_error -101
D3D12: Removing Device.
[0125/185344.548951:ERROR:elf_dynamic_array_reader.h(64)] tag not found
[0125/185344.572162:ERROR:file_io_posix.cc(144)] open /sys/devices/system/cpu/cpu0/cpufreq/scaling_cur_freq: No such file or directory (2)
[0125/185344.572191:ERROR:file_io_posix.cc(144)] open /sys/devices/system/cpu/cpu0/cpufreq/scaling_max_freq: No such file or directory (2)
[0125/185344.573492:ERROR:directory_reader_posix.cc(42)] opendir /home/lunar/.config/google-chrome/Crash Reports/attachments/e4a05c10-0c68-4b58-a17a-6c7ebf92cf8e: No such file or directory (2)
[205:205:0125/185344.675494:ERROR:gpu_process_host.cc(975)] GPU process exited unexpectedly: exit_code=11
libva error: vaGetDriverNameByIndex() failed with unknown libva error, driver_name = (null)
[21126:21126:0125/185350.004835:ERROR:gpu_memory_buffer_support_x11.cc(44)] dri3 extension not supported.
[0125/185444.601470:ERROR:http_transport_libcurl.cc(470)] curl_easy_perform: Timeout was reached (28)
[247:252:0125/190207.444216:ERROR:ssl_client_socket_impl.cc(996)] handshake failed; returned -1, SSL error code 1, net_error -101
[247:252:0125/190452.614236:ERROR:ssl_client_socket_impl.cc(996)] handshake failed; returned -1, SSL error code 1, net_error -101
[247:252:0125/190452.623903:ERROR:ssl_client_socket_impl.cc(996)] handshake failed; returned -1, SSL error code 1, net_error -101
[247:252:0125/190728.059173:ERROR:ssl_client_socket_impl.cc(996)] handshake failed; returned -1, SSL error code 1, net_error -101
[247:252:0125/191407.476138:ERROR:ssl_client_socket_impl.cc(996)] handshake failed; returned -1, SSL error code 1, net_error -101
[247:252:0125/193708.788528:ERROR:ssl_client_socket_impl.cc(996)] handshake failed; returned -1, SSL error code 1, net_error -101
[247:252:0125/193947.497181:ERROR:ssl_client_socket_impl.cc(996)] handshake failed; returned -1, SSL error code 1, net_error -101
[205:233:0125/194130.239407:ERROR:registration_request.cc(247)] Registration URL fetching failed.
[205:233:0125/194552.541724:ERROR:registration_request.cc(247)] Registration URL fetching failed.
[205:233:0125/194916.282254:ERROR:registration_request.cc(247)] Registration URL fetching failed.
[205:233:0125/195449.192711:ERROR:registration_request.cc(247)] Registration URL fetching failed.
[247:252:0125/195600.303402:ERROR:ssl_client_socket_impl.cc(996)] handshake failed; returned -1, SSL error code 1, net_error -101
[247:252:0125/195600.303616:ERROR:ssl_client_socket_impl.cc(996)] handshake failed; returned -1, SSL error code 1, net_error -101
[205:233:0125/195953.045835:ERROR:registration_request.cc(247)] Registration URL fetching failed.
[247:252:0125/200107.510201:ERROR:ssl_client_socket_impl.cc(996)] handshake failed; returned -1, SSL error code 1, net_error -101
[247:252:0125/200158.693915:ERROR:ssl_client_socket_impl.cc(996)] handshake failed; returned -1, SSL error code 1, net_error -101
[247:252:0125/200214.057379:ERROR:ssl_client_socket_impl.cc(996)] handshake failed; returned -1, SSL error code 1, net_error -101
[205:233:0125/201142.481254:ERROR:registration_request.cc(247)] Registration URL fetching failed.
[205:205:0125/201142.481498:ERROR:sharing_service.cc(210)] Device registration failed with transient error
[247:252:0125/201223.335248:ERROR:ssl_client_socket_impl.cc(996)] handshake failed; returned -1, SSL error code 1, net_error -101
[247:252:0125/201517.412896:ERROR:ssl_client_socket_impl.cc(996)] handshake failed; returned -1, SSL error code 1, net_error -101
[247:252:0125/201730.540281:ERROR:ssl_client_socket_impl.cc(996)] handshake failed; returned -1, SSL error code 1, net_error -101
[247:252:0125/201930.428732:ERROR:ssl_client_socket_impl.cc(996)] handshake failed; returned -1, SSL error code 1, net_error -100
[247:252:0125/202137.665021:ERROR:ssl_client_socket_impl.cc(996)] handshake failed; returned -1, SSL error code 1, net_error -101
[247:252:0125/202137.675891:ERROR:ssl_client_socket_impl.cc(996)] handshake failed; returned -1, SSL error code 1, net_error -101
[247:252:0125/202222.584741:ERROR:ssl_client_socket_impl.cc(996)] handshake failed; returned -1, SSL error code 1, net_error -101
[247:252:0125/202529.296515:ERROR:ssl_client_socket_impl.cc(996)] handshake failed; returned -1, SSL error code 1, net_error -101
[247:252:0125/202537.689085:ERROR:ssl_client_socket_impl.cc(996)] handshake failed; returned -1, SSL error code 1, net_error -101
[247:252:0125/202538.779559:ERROR:ssl_client_socket_impl.cc(996)] handshake failed; returned -1, SSL error code 1, net_error -101
[247:252:0125/202607.750316:ERROR:ssl_client_socket_impl.cc(996)] handshake failed; returned -1, SSL error code 1, net_error -101
[247:252:0125/202633.256682:ERROR:ssl_client_socket_impl.cc(996)] handshake failed; returned -1, SSL error code 1, net_error -101
[247:252:0125/203007.768858:ERROR:ssl_client_socket_impl.cc(996)] handshake failed; returned -1, SSL error code 1, net_error -101
[247:252:0125/203008.001117:ERROR:ssl_client_socket_impl.cc(996)] handshake failed; returned -1, SSL error code 1, net_error -101
[247:252:0125/204000.327403:ERROR:ssl_client_socket_impl.cc(996)] handshake failed; returned -1, SSL error code 1, net_error -101
[247:252:0125/204301.651216:ERROR:ssl_client_socket_impl.cc(996)] handshake failed; returned -1, SSL error code 1, net_error -101
[247:252:0125/204352.843287:ERROR:ssl_client_socket_impl.cc(996)] handshake failed; returned -1, SSL error code 1, net_error -101
[247:252:0125/205006.381053:ERROR:ssl_client_socket_impl.cc(996)] handshake failed; returned -1, SSL error code 1, net_error -101
[247:252:0125/205138.534366:ERROR:ssl_client_socket_impl.cc(996)] handshake failed; returned -1, SSL error code 1, net_error -101
[247:252:0125/205209.260194:ERROR:ssl_client_socket_impl.cc(996)] handshake failed; returned -1, SSL error code 1, net_error -101
[247:252:0125/205341.414498:ERROR:ssl_client_socket_impl.cc(996)] handshake failed; returned -1, SSL error code 1, net_error -101
[247:252:0125/205422.376823:ERROR:ssl_client_socket_impl.cc(996)] handshake failed; returned -1, SSL error code 1, net_error -101
[247:252:0125/205600.350975:ERROR:ssl_client_socket_impl.cc(996)] handshake failed; returned -1, SSL error code 1, net_error -101
[247:252:0125/205600.361675:ERROR:ssl_client_socket_impl.cc(996)] handshake failed; returned -1, SSL error code 1, net_error -101
[247:252:0125/205600.371883:ERROR:ssl_client_socket_impl.cc(996)] handshake failed; returned -1, SSL error code 1, net_error -101
[247:252:0125/210426.549095:ERROR:ssl_client_socket_impl.cc(996)] handshake failed; returned -1, SSL error code 1, net_error -101
[247:252:0125/210457.254467:ERROR:ssl_client_socket_impl.cc(996)] handshake failed; returned -1, SSL error code 1, net_error -101
[247:252:0125/211033.286284:ERROR:ssl_client_socket_impl.cc(996)] handshake failed; returned -1, SSL error code 1, net_error -101
[247:252:0125/211521.898169:ERROR:ssl_client_socket_impl.cc(996)] handshake failed; returned -1, SSL error code 1, net_error -101
[247:252:0125/211750.372213:ERROR:ssl_client_socket_impl.cc(996)] handshake failed; returned -1, SSL error code 1, net_error -101
[247:252:0125/211810.854765:ERROR:ssl_client_socket_impl.cc(996)] handshake failed; returned -1, SSL error code 1, net_error -101

<--- Last few GCs --->

[1:0x3b2c0080c000] 24585768 ms: Mark-sweep 1967.1 (2071.9) -> 1965.2 (2071.9) MB, 1030.4 / 0.0 ms  (average mu = 0.066, current mu = 0.009) allocation failure; GC in old space requested
[1:0x3b2c0080c000] 24586254 ms: Mark-sweep 1965.2 (2071.9) -> 1965.1 (2071.9) MB, 483.8 / 0.0 ms  (average mu = 0.046, current mu = 0.003) allocation failure; GC in old space requested


<--- JS stacktrace --->

[388:1:0125/211828.475049:ERROR:v8_initializer.cc(688)] V8 javascript OOM: (Ineffective mark-compacts near heap limit).
[0125/211828.489310:ERROR:file_io_posix.cc(144)] open /sys/devices/system/cpu/cpu0/cpufreq/scaling_cur_freq: No such file or directory (2)
[0125/211828.489344:ERROR:file_io_posix.cc(144)] open /sys/devices/system/cpu/cpu0/cpufreq/scaling_max_freq: No such file or directory (2)
[0125/211828.490950:ERROR:directory_reader_posix.cc(42)] opendir /home/lunar/.config/google-chrome/Crash Reports/attachments/25370c1c-ca2b-4622-890c-e1b15faa9971: No such file or directory (2)
[0125/211928.493273:ERROR:http_transport_libcurl.cc(470)] curl_easy_perform: Timeout was reached (28)
[247:252:0125/212018.851495:ERROR:ssl_client_socket_impl.cc(996)] handshake failed; returned -1, SSL error code 1, net_error -101
[247:252:0125/213521.679237:ERROR:ssl_client_socket_impl.cc(996)] handshake failed; returned -1, SSL error code 1, net_error -101
[247:252:0125/223342.052329:ERROR:ssl_client_socket_impl.cc(996)] handshake failed; returned -1, SSL error code 1, net_error -101
[247:252:0125/224026.383388:ERROR:ssl_client_socket_impl.cc(996)] handshake failed; returned -1, SSL error code 1, net_error -101
D3D12: Removing Device.
[21126:21126:0125/224030.624195:ERROR:angle_platform_impl.cc(43)] renderergl_utils.cpp:2532 (CheckError): GL call functions->texStorage2D(ToGLenum(type), static_cast<GLsizei>(levels), texStorageFormat.internalFormat, size.width, size.height) generated error 0x00000505 in ../../third_party/angle/src/libANGLE/renderer/gl/TextureGL.cpp, setStorage:1052. 
[21126:21126:0125/224030.624610:ERROR:gl_utils.cc(315)] [.RendererMainThread-0x3b2c0032f100] GL_INVALID_FRAMEBUFFER_OPERATION: Framebuffer is incomplete: Driver does not support this framebuffer configuration.
[21126:21126:0125/224030.624793:ERROR:gl_utils.cc(315)] [.RendererMainThread-0x3b2c0032f100] GL_INVALID_FRAMEBUFFER_OPERATION: Framebuffer is incomplete: Driver does not support this framebuffer configuration.
[21126:21126:0125/224030.624893:ERROR:gl_utils.cc(315)] [.RendererMainThread-0x3b2c0032f100] GL_INVALID_FRAMEBUFFER_OPERATION: Framebuffer is incomplete: Driver does not support this framebuffer configuration.
[21126:21126:0125/224030.624989:ERROR:gl_utils.cc(315)] [.RendererMainThread-0x3b2c0032f100] GL_INVALID_FRAMEBUFFER_OPERATION: Draw framebuffer is incomplete
[21126:21126:0125/224030.625592:ERROR:gl_utils.cc(315)] [.RendererMainThread-0x3b2c0032f100] GL_INVALID_FRAMEBUFFER_OPERATION: Framebuffer is incomplete: Driver does not support this framebuffer configuration.
[21126:21126:0125/224030.625907:ERROR:shared_context_state.cc(832)] SharedContextState lost due to GL_OUT_OF_MEMORY
[21126:21126:0125/224030.626214:ERROR:gpu_service_impl.cc(986)] Exiting GPU process because some drivers can't recover from errors. GPU process will restart shortly.
[350:1:0125/224030.687486:ERROR:command_buffer_proxy_impl.cc(331)] GPU state invalid after WaitForGetOffsetInRange.
[205:205:0125/224030.687978:ERROR:command_buffer_proxy_impl.cc(331)] GPU state invalid after WaitForGetOffsetInRange.
[205:205:0125/224030.725371:ERROR:gpu_process_host.cc(975)] GPU process exited unexpectedly: exit_code=8704
libva error: vaGetDriverNameByIndex() failed with unknown libva error, driver_name = (null)
[1918:1918:0125/224035.795906:ERROR:gpu_memory_buffer_support_x11.cc(44)] dri3 extension not supported.
[1877:7:0125/224048.681090:ERROR:command_buffer_proxy_impl.cc(128)] ContextResult::kTransientFailure: Failed to send GpuControl.CreateCommandBuffer.
[247:252:0125/224126.245692:ERROR:ssl_client_socket_impl.cc(996)] handshake failed; returned -1, SSL error code 1, net_error -101
[247:252:0125/224234.533461:ERROR:ssl_client_socket_impl.cc(996)] handshake failed; returned -1, SSL error code 1, net_error -101
[205:233:0125/224518.651139:ERROR:registration_request.cc(247)] Registration URL fetching failed.
[247:252:0125/224926.261552:ERROR:ssl_client_socket_impl.cc(996)] handshake failed; returned -1, SSL error code 1, net_error -101
[205:233:0125/224944.987508:ERROR:registration_request.cc(247)] Registration URL fetching failed.
[247:252:0125/225034.547213:ERROR:ssl_client_socket_impl.cc(996)] handshake failed; returned -1, SSL error code 1, net_error -101
[205:233:0125/225439.096684:ERROR:registration_request.cc(247)] Registration URL fetching failed.
[205:233:0125/225919.154875:ERROR:registration_request.cc(247)] Registration URL fetching failed.
[247:252:0125/225943.652162:ERROR:ssl_client_socket_impl.cc(996)] handshake failed; returned -1, SSL error code 1, net_error -101
[247:252:0125/225953.893390:ERROR:ssl_client_socket_impl.cc(996)] handshake failed; returned -1, SSL error code 1, net_error -101
[247:252:0125/225959.013700:ERROR:ssl_client_socket_impl.cc(996)] handshake failed; returned -1, SSL error code 1, net_error -101
[247:252:0125/230207.053771:ERROR:ssl_client_socket_impl.cc(996)] handshake failed; returned -1, SSL error code 1, net_error -101
[247:252:0125/230339.173016:ERROR:ssl_client_socket_impl.cc(996)] handshake failed; returned -1, SSL error code 1, net_error -101
[247:252:0125/230612.773377:ERROR:ssl_client_socket_impl.cc(996)] handshake failed; returned -1, SSL error code 1, net_error -101
[205:233:0125/230653.683520:ERROR:registration_request.cc(247)] Registration URL fetching failed.
[247:252:0125/231226.412195:ERROR:ssl_client_socket_impl.cc(996)] handshake failed; returned -1, SSL error code 1, net_error -101
[247:252:0125/231546.224238:ERROR:ssl_client_socket_impl.cc(996)] handshake failed; returned -1, SSL error code 1, net_error -101
[247:252:0125/231551.343399:ERROR:ssl_client_socket_impl.cc(996)] handshake failed; returned -1, SSL error code 1, net_error -101
[247:252:0125/231601.571876:ERROR:ssl_client_socket_impl.cc(996)] handshake failed; returned -1, SSL error code 1, net_error -101
[205:233:0125/231851.549232:ERROR:registration_request.cc(247)] Registration URL fetching failed.
[205:205:0125/231851.549377:ERROR:sharing_service.cc(210)] Device registration failed with transient error
[247:252:0125/232007.334313:ERROR:ssl_client_socket_impl.cc(996)] handshake failed; returned -1, SSL error code 1, net_error -101
[247:252:0125/232154.870312:ERROR:ssl_client_socket_impl.cc(996)] handshake failed; returned -1, SSL error code 1, net_error -101
[247:252:0125/235217.574978:ERROR:ssl_client_socket_impl.cc(996)] handshake failed; returned -1, SSL error code 1, net_error -101
[247:252:0125/235349.731829:ERROR:ssl_client_socket_impl.cc(996)] handshake failed; returned -1, SSL error code 1, net_error -101
[247:252:0125/235532.132963:ERROR:ssl_client_socket_impl.cc(996)] handshake failed; returned -1, SSL error code 1, net_error -101
[247:252:0126/000817.593263:ERROR:ssl_client_socket_impl.cc(996)] handshake failed; returned -1, SSL error code 1, net_error -101
[247:252:0126/000817.606625:ERROR:ssl_client_socket_impl.cc(996)] handshake failed; returned -1, SSL error code 1, net_error -101
[10980:11013:0126/000954.942311:ERROR:bus.cc(398)] Failed to connect to the bus: Failed to connect to socket /var/run/dbus/system_bus_socket: No such file or directory
[10980:11013:0126/000954.942395:ERROR:bus.cc(398)] Failed to connect to the bus: Failed to connect to socket /var/run/dbus/system_bus_socket: No such file or directory
[10980:11012:0126/000954.952608:ERROR:bus.cc(398)] Failed to connect to the bus: Could not parse server address: Unknown address type (examples of valid types are "tcp" and on UNIX "unix")
[10980:11012:0126/000954.952639:ERROR:bus.cc(398)] Failed to connect to the bus: Could not parse server address: Unknown address type (examples of valid types are "tcp" and on UNIX "unix")
[10980:11012:0126/000954.964908:ERROR:bus.cc(398)] Failed to connect to the bus: Could not parse server address: Unknown address type (examples of valid types are "tcp" and on UNIX "unix")
[10980:11012:0126/000954.964944:ERROR:bus.cc(398)] Failed to connect to the bus: Could not parse server address: Unknown address type (examples of valid types are "tcp" and on UNIX "unix")
[10980:11004:0126/000954.971654:ERROR:login_database.cc(778)] Password store database is too new, kCurrentVersionNumber=33, GetCompatibleVersionNumber=40
[10980:11015:0126/000954.971738:ERROR:login_database.cc(778)] Password store database is too new, kCurrentVersionNumber=33, GetCompatibleVersionNumber=40
[10980:11004:0126/000954.971787:ERROR:login_database_async_helper.cc(53)] Could not create/open login database.
[10980:11015:0126/000954.971868:ERROR:login_database_async_helper.cc(53)] Could not create/open login database.

DevTools listening on ws://127.0.0.1:9222/devtools/browser/e975ed37-fd0d-46ba-9acc-38ee4369ea2e
[10980:11012:0126/000954.992849:ERROR:bus.cc(398)] Failed to connect to the bus: Could not parse server address: Unknown address type (examples of valid types are "tcp" and on UNIX "unix")
[10980:11012:0126/000954.992877:ERROR:bus.cc(398)] Failed to connect to the bus: Could not parse server address: Unknown address type (examples of valid types are "tcp" and on UNIX "unix")
[10980:11109:0126/000955.049543:ERROR:bus.cc(398)] Failed to connect to the bus: Failed to connect to socket /var/run/dbus/system_bus_socket: No such file or directory
[10980:11109:0126/000955.049589:ERROR:bus.cc(398)] Failed to connect to the bus: Failed to connect to socket /var/run/dbus/system_bus_socket: No such file or directory
[10980:11109:0126/000955.049616:ERROR:bus.cc(398)] Failed to connect to the bus: Failed to connect to socket /var/run/dbus/system_bus_socket: No such file or directory
[10980:11109:0126/000955.049652:ERROR:bus.cc(398)] Failed to connect to the bus: Failed to connect to socket /var/run/dbus/system_bus_socket: No such file or directory
[10980:11109:0126/000955.049663:ERROR:bus.cc(398)] Failed to connect to the bus: Failed to connect to socket /var/run/dbus/system_bus_socket: No such file or directory
libva error: vaGetDriverNameByIndex() failed with unknown libva error, driver_name = (null)
[11019:11019:0126/000955.143633:ERROR:gpu_memory_buffer_support_x11.cc(44)] dri3 extension not supported.
[10980:10980:0126/000955.290247:ERROR:password_sync_bridge.cc(234)] Passwords datatype error was encountered: Password metadata store isn't available.
[11020:11031:0126/001008.065293:ERROR:ssl_client_socket_impl.cc(996)] handshake failed; returned -1, SSL error code 1, net_error -101
[11020:11031:0126/001008.537756:ERROR:ssl_client_socket_impl.cc(996)] handshake failed; returned -1, SSL error code 1, net_error -101
[11020:11031:0126/001206.776568:ERROR:ssl_client_socket_impl.cc(996)] handshake failed; returned -1, SSL error code 1, net_error -101
[10980:11007:0126/001358.051406:ERROR:registration_request.cc(247)] Registration URL fetching failed.
[10980:11007:0126/001358.285400:ERROR:registration_request.cc(247)] Registration URL fetching failed.
[10980:11007:0126/001358.324269:ERROR:registration_request.cc(247)] Registration URL fetching failed.
[10980:11007:0126/001358.324434:ERROR:registration_request.cc(247)] Registration URL fetching failed.
[11020:11031:0126/001639.907056:ERROR:ssl_client_socket_impl.cc(996)] handshake failed; returned -1, SSL error code 1, net_error -101
[10980:11007:0126/001820.126745:ERROR:registration_request.cc(247)] Registration URL fetching failed.
[10980:11007:0126/001820.377789:ERROR:registration_request.cc(247)] Registration URL fetching failed.
[10980:11007:0126/001821.754910:ERROR:registration_request.cc(247)] Registration URL fetching failed.
[10980:11007:0126/001822.038816:ERROR:registration_request.cc(247)] Registration URL fetching failed.
[11020:11031:0126/001851.209034:ERROR:ssl_client_socket_impl.cc(996)] handshake failed; returned -1, SSL error code 1, net_error -101
[11020:11031:0126/001852.530212:ERROR:ssl_client_socket_impl.cc(996)] handshake failed; returned -1, SSL error code 1, net_error -101
[11020:11031:0126/001853.578742:ERROR:ssl_client_socket_impl.cc(996)] handshake failed; returned -1, SSL error code 1, net_error -101
[11020:11031:0126/001855.291060:ERROR:ssl_client_socket_impl.cc(996)] handshake failed; returned -1, SSL error code 1, net_error -101
[11020:11031:0126/001913.854921:ERROR:ssl_client_socket_impl.cc(996)] handshake failed; returned -1, SSL error code 1, net_error -101
[11020:11031:0126/002255.385492:ERROR:ssl_client_socket_impl.cc(996)] handshake failed; returned -1, SSL error code 1, net_error -101
[10980:11007:0126/002305.674542:ERROR:registration_request.cc(247)] Registration URL fetching failed.
[10980:11007:0126/002305.926633:ERROR:registration_request.cc(247)] Registration URL fetching failed.
[10980:11007:0126/002312.723099:ERROR:registration_request.cc(247)] Registration URL fetching failed.
[10980:11007:0126/002319.578458:ERROR:registration_request.cc(247)] Registration URL fetching failed.
[11020:11031:0126/002659.510414:ERROR:ssl_client_socket_impl.cc(996)] handshake failed; returned -1, SSL error code 1, net_error -101
[11020:11031:0126/002722.942278:ERROR:ssl_client_socket_impl.cc(996)] handshake failed; returned -1, SSL error code 1, net_error -101
[10980:11007:0126/002839.148854:ERROR:registration_request.cc(247)] Registration URL fetching failed.
[10980:11007:0126/002839.392699:ERROR:registration_request.cc(247)] Registration URL fetching failed.
[10980:11007:0126/002848.248222:ERROR:registration_request.cc(247)] Registration URL fetching failed.
[10980:11007:0126/002851.378641:ERROR:registration_request.cc(247)] Registration URL fetching failed.
[11020:11031:0126/002853.676357:ERROR:ssl_client_socket_impl.cc(996)] handshake failed; returned -1, SSL error code 1, net_error -101
[11020:11031:0126/002853.720436:ERROR:ssl_client_socket_impl.cc(996)] handshake failed; returned -1, SSL error code 1, net_error -101
[11020:11031:0126/003122.470708:ERROR:ssl_client_socket_impl.cc(996)] handshake failed; returned -1, SSL error code 1, net_error -101
[11020:11031:0126/003132.435508:ERROR:ssl_client_socket_impl.cc(996)] handshake failed; returned -1, SSL error code 1, net_error -101
[11020:11031:0126/003408.623821:ERROR:ssl_client_socket_impl.cc(996)] handshake failed; returned -1, SSL error code 1, net_error -101
[10980:11007:0126/003540.729734:ERROR:registration_request.cc(247)] Registration URL fetching failed.
[11020:11031:0126/003540.734555:ERROR:ssl_client_socket_impl.cc(996)] handshake failed; returned -1, SSL error code 1, net_error -101
[10980:11007:0126/003540.995903:ERROR:registration_request.cc(247)] Registration URL fetching failed.
[10980:11007:0126/003544.112913:ERROR:registration_request.cc(247)] Registration URL fetching failed.
[10980:11007:0126/003625.966373:ERROR:registration_request.cc(247)] Registration URL fetching failed.
[11020:11031:0126/004045.734430:ERROR:ssl_client_socket_impl.cc(996)] handshake failed; returned -1, SSL error code 1, net_error -101
[11020:11031:0126/004255.426522:ERROR:ssl_client_socket_impl.cc(996)] handshake failed; returned -1, SSL error code 1, net_error -101
[11020:11031:0126/004255.443457:ERROR:ssl_client_socket_impl.cc(996)] handshake failed; returned -1, SSL error code 1, net_error -101
[11020:11031:0126/004504.964261:ERROR:ssl_client_socket_impl.cc(996)] handshake failed; returned -1, SSL error code 1, net_error -101
[10980:11007:0126/004525.368485:ERROR:registration_request.cc(247)] Registration URL fetching failed.
[10980:11007:0126/004525.620064:ERROR:registration_request.cc(247)] Registration URL fetching failed.
[10980:10980:0126/004525.620187:ERROR:sharing_service.cc(210)] Device registration failed with transient error
[10980:11007:0126/004527.422241:ERROR:registration_request.cc(247)] Registration URL fetching failed.
[10980:11007:0126/004534.738867:ERROR:registration_request.cc(247)] Registration URL fetching failed.
[11020:11031:0126/005223.100339:ERROR:ssl_client_socket_impl.cc(996)] handshake failed; returned -1, SSL error code 1, net_error -101
[11020:11031:0126/005313.366952:ERROR:ssl_client_socket_impl.cc(996)] handshake failed; returned -1, SSL error code 1, net_error -101
[11020:11031:0126/005313.430805:ERROR:ssl_client_socket_impl.cc(996)] handshake failed; returned -1, SSL error code 1, net_error -101
[11020:11031:0126/005314.452294:ERROR:ssl_client_socket_impl.cc(996)] handshake failed; returned -1, SSL error code 1, net_error -101
[10980:11007:0126/005400.841019:ERROR:registration_request.cc(247)] Registration URL fetching failed.
[11020:11031:0126/005531.275264:ERROR:ssl_client_socket_impl.cc(996)] handshake failed; returned -1, SSL error code 1, net_error -101
[11020:11031:0126/005708.211847:ERROR:ssl_client_socket_impl.cc(996)] handshake failed; returned -1, SSL error code 1, net_error -101
[10980:11007:0126/005827.888379:ERROR:registration_request.cc(247)] Registration URL fetching failed.
[10980:11007:0126/010316.917157:ERROR:registration_request.cc(247)] Registration URL fetching failed.
[11020:11031:0126/010424.189737:ERROR:ssl_client_socket_impl.cc(996)] handshake failed; returned -1, SSL error code 1, net_error -101
[11020:11031:0126/010731.432168:ERROR:ssl_client_socket_impl.cc(996)] handshake failed; returned -1, SSL error code 1, net_error -101
[10980:11007:0126/010852.313443:ERROR:registration_request.cc(247)] Registration URL fetching failed.
[10980:18260:0126/010955.565836:ERROR:bus.cc(398)] Failed to connect to the bus: Could not parse server address: Unknown address type (examples of valid types are "tcp" and on UNIX "unix")
[10980:10980:0126/010955.565978:ERROR:object_proxy.cc(623)] Failed to call method: org.freedesktop.DBus.NameHasOwner: object_path= /org/freedesktop/DBus: unknown error type: 
[10980:18260:0126/010955.566043:ERROR:bus.cc(398)] Failed to connect to the bus: Could not parse server address: Unknown address type (examples of valid types are "tcp" and on UNIX "unix")
[10980:10980:0126/010955.566091:ERROR:object_proxy.cc(623)] Failed to call method: org.freedesktop.DBus.NameHasOwner: object_path= /org/freedesktop/DBus: unknown error type: 
[10980:18260:0126/010955.566147:ERROR:bus.cc(398)] Failed to connect to the bus: Could not parse server address: Unknown address type (examples of valid types are "tcp" and on UNIX "unix")
[10980:10980:0126/010955.566211:ERROR:object_proxy.cc(623)] Failed to call method: org.freedesktop.DBus.NameHasOwner: object_path= /org/freedesktop/DBus: unknown error type: 
[10980:18260:0126/010955.566254:ERROR:bus.cc(398)] Failed to connect to the bus: Could not parse server address: Unknown address type (examples of valid types are "tcp" and on UNIX "unix")
[10980:10980:0126/010955.566324:ERROR:object_proxy.cc(623)] Failed to call method: org.freedesktop.DBus.NameHasOwner: object_path= /org/freedesktop/DBus: unknown error type: 
[10980:18260:0126/010955.566389:ERROR:bus.cc(398)] Failed to connect to the bus: Could not parse server address: Unknown address type (examples of valid types are "tcp" and on UNIX "unix")
[10980:10980:0126/010955.566432:ERROR:object_proxy.cc(623)] Failed to call method: org.freedesktop.DBus.NameHasOwner: object_path= /org/freedesktop/DBus: unknown error type: 
[10980:11007:0126/011603.070474:ERROR:registration_request.cc(247)] Registration URL fetching failed.
[11020:11031:0126/011920.016074:ERROR:ssl_client_socket_impl.cc(996)] handshake failed; returned -1, SSL error code 1, net_error -101
[10980:11007:0126/012701.644512:ERROR:registration_request.cc(247)] Registration URL fetching failed.
[10980:10980:0126/012701.644611:ERROR:sharing_service.cc(210)] Device registration failed with transient error
[11020:11031:0126/012958.063071:ERROR:ssl_client_socket_impl.cc(996)] handshake failed; returned -1, SSL error code 1, net_error -101
